Trabalho_ToDoList/app/build/intermediates/manifest_merge_blame_file/release/manifest-merger-blame-release-report.txt
1<?xml version="1.0" encoding="utf-8"?>
2<manifest xmlns:android="http://schemas.android.com/apk/res/android"
3    package="br.com.cotemig.trabalho.todolist"
4    android:versionCode="1"
5    android:versionName="1.0" >
6
7    <uses-sdk
8        android:minSdkVersion="21"
8-->src\main\AndroidManifest.xml
9        android:targetSdkVersion="31" />
9-->src\main\AndroidManifest.xml
10
11    <uses-permission android:name="android.permission.INTERNET" />
11-->src\main\AndroidManifest.xml:5:5-66
11-->src\main\AndroidManifest.xml:5:22-64
12
13    <application
13-->src\main\AndroidManifest.xml:6:5-40:19
14        android:allowBackup="true"
14-->src\main\AndroidManifest.xml:7:9-35
15        android:appComponentFactory="androidx.core.app.CoreComponentFactory"
15-->[androidx.core:core:1.7.0] AndroidManifest.xml:24:18-86
16        android:icon="@mipmap/ic_launcher"
16-->src\main\AndroidManifest.xml:8:9-43
17        android:label="@string/app_name"
17-->src\main\AndroidManifest.xml:9:9-41
18        android:roundIcon="@mipmap/ic_launcher_round"
18-->src\main\AndroidManifest.xml:10:9-54
19        android:supportsRtl="true"
19-->src\main\AndroidManifest.xml:11:9-35
20        android:theme="@style/Theme.Trabalho_ToDoList" >
20-->src\main\AndroidManifest.xml:12:9-55
21        <activity
21-->src\main\AndroidManifest.xml:13:9-15:39
22            android:name="br.com.cotemig.trabalho.todolist.ui.activities.ForgotPassActivity"
22-->src\main\AndroidManifest.xml:14:13-61
23            android:exported="true" />
23-->src\main\AndroidManifest.xml:15:13-36
24        <activity
24-->src\main\AndroidManifest.xml:16:9-18:39
25            android:name="br.com.cotemig.trabalho.todolist.ui.activities.SignUpActivity"
25-->src\main\AndroidManifest.xml:17:13-57
26            android:exported="true" />
26-->src\main\AndroidManifest.xml:18:13-36
27        <activity
27-->src\main\AndroidManifest.xml:19:9-21:39
28            android:name="br.com.cotemig.trabalho.todolist.ui.activities.RegisterTaskActivity"
28-->src\main\AndroidManifest.xml:20:13-63
29            android:exported="true" />
29-->src\main\AndroidManifest.xml:21:13-36
30        <activity
30-->src\main\AndroidManifest.xml:22:9-24:39
31            android:name="br.com.cotemig.trabalho.todolist.ui.activities.TaskSelectedActivity"
31-->src\main\AndroidManifest.xml:23:13-63
32            android:exported="true" />
32-->src\main\AndroidManifest.xml:24:13-36
33        <activity
33-->src\main\AndroidManifest.xml:25:9-27:39
34            android:name="br.com.cotemig.trabalho.todolist.ui.activities.SignInActivity"
34-->src\main\AndroidManifest.xml:26:13-57
35            android:exported="true" />
35-->src\main\AndroidManifest.xml:27:13-36
36        <activity
36-->src\main\AndroidManifest.xml:28:9-30:39
37            android:name="br.com.cotemig.trabalho.todolist.ui.activities.TasksActivity"
37-->src\main\AndroidManifest.xml:29:13-56
38            android:exported="true" />
38-->src\main\AndroidManifest.xml:30:13-36
39        <activity
39-->src\main\AndroidManifest.xml:31:9-39:20
40            android:name="br.com.cotemig.trabalho.todolist.ui.activities.MainActivity"
40-->src\main\AndroidManifest.xml:32:13-55
41            android:exported="true" >
41-->src\main\AndroidManifest.xml:33:13-36
42            <intent-filter>
42-->src\main\AndroidManifest.xml:34:13-38:29
43                <action android:name="android.intent.action.MAIN" />
43-->src\main\AndroidManifest.xml:35:17-69
43-->src\main\AndroidManifest.xml:35:25-66
44
45                <category android:name="android.intent.category.LAUNCHER" />
45-->src\main\AndroidManifest.xml:37:17-77
45-->src\main\AndroidManifest.xml:37:27-74
46            </intent-filter>
47        </activity>
48    </application>
49
50</manifest>